<?xml version="1.0" encoding="UTF-8"?>
<!-- Generated by org.testng.reporters.JUnitXMLReporter -->
<testsuite ignored="0" hostname="LAPTOP-M0NL3NBK" failures="0" tests="3" name="AdditionalTestCases" time="0.08" errors="0" timestamp="2021-05-19T10:16:49 IST">
  <testcase classname="CalculatorAPICICDDemo.AdditionalTestCases" name="TestAdditionalWithOnePositiveOneNegativeNumbers" time="0.009"/>
  <testcase classname="CalculatorAPICICDDemo.AdditionalTestCases" name="TestAdditionalWithPositiveNumbers" time="0.002"/>
  <testcase classname="CalculatorAPICICDDemo.AdditionalTestCases" name="TestAdditionalWithZeroNumbers" time="0.002"/>
</testsuite> <!-- AdditionalTestCases -->
