<?xml version="1.0" encoding="UTF-8"?>
<testng-results ignored="0" total="3" passed="3" failed="0" skipped="0">
  <reporter-output>
  </reporter-output>
  <suite started-at="2021-05-19T10:27:39 IST" name="Default suite" finished-at="2021-05-19T10:27:39 IST" duration-ms="73">
    <groups>
      <group name="RegressionTest">
        <method signature="AdditionalTestCases.TestAdditionalWithOnePositiveOneNegativeNumbers()[pri:1, instance:CalculatorAPICICDDemo.AdditionalTestCases@6c130c45]" name="TestAdditionalWithOnePositiveOneNegativeNumbers" class="CalculatorAPICICDDemo.AdditionalTestCases"/>
        <method signature="AdditionalTestCases.TestAdditionalWithPositiveNumbers()[pri:2, instance:CalculatorAPICICDDemo.AdditionalTestCases@6c130c45]" name="TestAdditionalWithPositiveNumbers" class="CalculatorAPICICDDemo.AdditionalTestCases"/>
      </group> <!-- RegressionTest -->
    </groups>
    <test started-at="2021-05-19T10:27:39 IST" name="Default test" finished-at="2021-05-19T10:27:39 IST" duration-ms="73">
      <class name="CalculatorAPICICDDemo.AdditionalTestCases">
        <test-method is-config="true" signature="Init()[pri:0, instance:CalculatorAPICICDDemo.AdditionalTestCases@6c130c45]" started-at="2021-05-19T10:27:39 IST" name="Init" finished-at="2021-05-19T10:27:39 IST" duration-ms="9" status="PASS">
          <reporter-output>
          </reporter-output>
        </test-method> <!-- Init -->
        <test-method is-config="true" signature="ReinitialiseResultVar()[pri:0, instance:CalculatorAPICICDDemo.AdditionalTestCases@6c130c45]" started-at="2021-05-19T10:27:39 IST" name="ReinitialiseResultVar" finished-at="2021-05-19T10:27:39 IST" duration-ms="0" status="PASS">
          <reporter-output>
          </reporter-output>
        </test-method> <!-- ReinitialiseResultVar -->
        <test-method signature="TestAdditionalWithOnePositiveOneNegativeNumbers()[pri:1, instance:CalculatorAPICICDDemo.AdditionalTestCases@6c130c45]" started-at="2021-05-19T10:27:39 IST" name="TestAdditionalWithOnePositiveOneNegativeNumbers" finished-at="2021-05-19T10:27:39 IST" duration-ms="8" status="PASS">
          <reporter-output>
          </reporter-output>
        </test-method> <!-- TestAdditionalWithOnePositiveOneNegativeNumbers -->
        <test-method signature="TestAdditionalWithPositiveNumbers()[pri:2, instance:CalculatorAPICICDDemo.AdditionalTestCases@6c130c45]" started-at="2021-05-19T10:27:39 IST" name="TestAdditionalWithPositiveNumbers" finished-at="2021-05-19T10:27:39 IST" duration-ms="1" status="PASS">
          <reporter-output>
          </reporter-output>
        </test-method> <!-- TestAdditionalWithPositiveNumbers -->
        <test-method is-config="true" signature="ReinitialiseResultVar()[pri:0, instance:CalculatorAPICICDDemo.AdditionalTestCases@6c130c45]" started-at="2021-05-19T10:27:39 IST" name="ReinitialiseResultVar" finished-at="2021-05-19T10:27:39 IST" duration-ms="0" status="PASS">
          <reporter-output>
          </reporter-output>
        </test-method> <!-- ReinitialiseResultVar -->
        <test-method is-config="true" signature="ReinitialiseResultVar()[pri:0, instance:CalculatorAPICICDDemo.AdditionalTestCases@6c130c45]" started-at="2021-05-19T10:27:39 IST" name="ReinitialiseResultVar" finished-at="2021-05-19T10:27:39 IST" duration-ms="0" status="PASS">
          <reporter-output>
          </reporter-output>
        </test-method> <!-- ReinitialiseResultVar -->
        <test-method signature="TestAdditionalWithZeroNumbers()[pri:3, instance:CalculatorAPICICDDemo.AdditionalTestCases@6c130c45]" started-at="2021-05-19T10:27:39 IST" name="TestAdditionalWithZeroNumbers" finished-at="2021-05-19T10:27:39 IST" duration-ms="1" status="PASS">
          <reporter-output>
          </reporter-output>
        </test-method> <!-- TestAdditionalWithZeroNumbers -->
        <test-method is-config="true" signature="Teardown()[pri:0, instance:CalculatorAPICICDDemo.AdditionalTestCases@6c130c45]" started-at="2021-05-19T10:27:39 IST" name="Teardown" finished-at="2021-05-19T10:27:39 IST" duration-ms="1" status="PASS">
          <reporter-output>
          </reporter-output>
        </test-method> <!-- Teardown -->
      </class> <!-- CalculatorAPICICDDemo.AdditionalTestCases -->
    </test> <!-- Default test -->
  </suite> <!-- Default suite -->
</testng-results>
