<?xml version="1.0" encoding="UTF-8"?>
<testng-results ignored="1" total="3" passed="2" failed="0" skipped="0">
  <reporter-output>
  </reporter-output>
  <suite started-at="2021-05-19T09:57:03 IST" name="RegressionTesting" finished-at="2021-05-19T09:57:03 IST" duration-ms="42">
    <groups>
      <group name="RegressionTest">
        <method signature="AdditionalTestCases.TestAdditionalWithOnePositiveOneNegativeNumbers()[pri:1, instance:CalculatorAPICICDDemo.AdditionalTestCases@29e495ff]" name="TestAdditionalWithOnePositiveOneNegativeNumbers" class="CalculatorAPICICDDemo.AdditionalTestCases"/>
        <method signature="AdditionalTestCases.TestAdditionalWithPositiveNumbers()[pri:2, instance:CalculatorAPICICDDemo.AdditionalTestCases@29e495ff]" name="TestAdditionalWithPositiveNumbers" class="CalculatorAPICICDDemo.AdditionalTestCases"/>
      </group> <!-- RegressionTest -->
    </groups>
    <test started-at="2021-05-19T09:57:03 IST" name="AdditionalTestCases" finished-at="2021-05-19T09:57:03 IST" duration-ms="42">
      <class name="CalculatorAPICICDDemo.AdditionalTestCases">
        <test-method is-config="true" signature="InitGroups()[pri:0, instance:CalculatorAPICICDDemo.AdditionalTestCases@29e495ff]" started-at="2021-05-19T09:57:03 IST" name="InitGroups" finished-at="2021-05-19T09:57:03 IST" duration-ms="4" status="PASS">
          <reporter-output>
          </reporter-output>
        </test-method> <!-- InitGroups -->
        <test-method signature="TestAdditionalWithOnePositiveOneNegativeNumbers()[pri:1, instance:CalculatorAPICICDDemo.AdditionalTestCases@29e495ff]" started-at="2021-05-19T09:57:03 IST" name="TestAdditionalWithOnePositiveOneNegativeNumbers" finished-at="2021-05-19T09:57:03 IST" duration-ms="6" status="PASS">
          <reporter-output>
          </reporter-output>
        </test-method> <!-- TestAdditionalWithOnePositiveOneNegativeNumbers -->
        <test-method signature="TestAdditionalWithPositiveNumbers()[pri:2, instance:CalculatorAPICICDDemo.AdditionalTestCases@29e495ff]" started-at="2021-05-19T09:57:03 IST" name="TestAdditionalWithPositiveNumbers" finished-at="2021-05-19T09:57:03 IST" duration-ms="0" status="PASS">
          <reporter-output>
          </reporter-output>
        </test-method> <!-- TestAdditionalWithPositiveNumbers -->
      </class> <!-- CalculatorAPICICDDemo.AdditionalTestCases -->
    </test> <!-- AdditionalTestCases -->
  </suite> <!-- RegressionTesting -->
</testng-results>
