<?xml version="1.0" encoding="UTF-8"?>
<!-- Generated by org.testng.reporters.JUnitXMLReporter -->
<testsuite ignored="1" hostname="LAPTOP-M0NL3NBK" failures="0" tests="2" name="AdditionalTestCases" time="0.042" errors="0" timestamp="2021-05-19T09:57:03 IST">
  <testcase classname="CalculatorAPICICDDemo.AdditionalTestCases" name="TestAdditionalWithOnePositiveOneNegativeNumbers" time="0.006"/>
  <testcase classname="CalculatorAPICICDDemo.AdditionalTestCases" name="TestAdditionalWithPositiveNumbers" time="0.0"/>
  <testcase classname="CalculatorAPICICDDemo.AdditionalTestCases" name="TestAdditionalWithZeroNumbers" time="0.0">
    <ignored/>
  </testcase> <!-- TestAdditionalWithZeroNumbers -->
</testsuite> <!-- AdditionalTestCases -->
